<?xml version="1.0" encoding="UTF-8"?>
<!-- Generated by org.testng.reporters.JUnitReportReporter -->
<testsuite hostname="LAPTOP-1RU859V6" failures="0" tests="1" name="testCases.TC001_AccountRegistrationTest" time="3.441" errors="0" timestamp="2024-12-25T12:12:46 IST" skipped="0">
  <testcase classname="testCases.TC001_AccountRegistrationTest" name="verify_account_registration" time="3.441"/>
</testsuite> <!-- testCases.TC001_AccountRegistrationTest -->
