<?xml version="1.0" encoding="UTF-8"?>
<!-- Generated by org.testng.reporters.JUnitReportReporter -->
<testsuite hostname="LAPTOP-1RU859V6" failures="0" tests="1" name="testCases.TC005_AddCart" time="1.142" errors="0" timestamp="2024-12-25T12:12:46 IST" skipped="0">
  <testcase classname="testCases.TC005_AddCart" name="Add_Cart" time="1.142"/>
</testsuite> <!-- testCases.TC005_AddCart -->
