<?xml version="1.0" encoding="UTF-8"?>
<!-- Generated by org.testng.reporters.JUnitReportReporter -->
<testsuite hostname="LAPTOP-1RU859V6" failures="0" tests="1" name="testCases.TC_004_Search" time="0.876" errors="0" timestamp="2024-12-25T12:12:46 IST" skipped="0">
  <testcase classname="testCases.TC_004_Search" name="verify_Search" time="0.876"/>
</testsuite> <!-- testCases.TC_004_Search -->
